Enohup: ignoring input
Watching for file changes with StatReloader
[14/Mar/2026 17:20:18] "POST /api/auth/login/ HTTP/1.1" 200 55
[14/Mar/2026 17:20:18] "GET /api/projects/ HTTP/1.1" 200 576
[14/Mar/2026 17:20:59] "POST /api/projects/ HTTP/1.1" 201 204
[14/Mar/2026 17:20:59] "GET /api/projects/ HTTP/1.1" 200 781
Not Found: /dashboard/null
[14/Mar/2026 17:21:00] "GET /dashboard/null HTTP/1.1" 404 3200
[14/Mar/2026 17:22:50] "POST /api/projects/ HTTP/1.1" 201 154
[14/Mar/2026 17:22:50] "GET /api/projects/ HTTP/1.1" 200 936
Not Found: /dashboard/null
[14/Mar/2026 17:22:50] "GET /dashboard/null HTTP/1.1" 404 3200
[14/Mar/2026 17:22:52] "GET / HTTP/1.1" 200 1556
[14/Mar/2026 17:22:52] "GET /style.css HTTP/1.1" 304 0
[14/Mar/2026 17:22:52] "GET /script.js HTTP/1.1" 304 0
[14/Mar/2026 17:22:52] "GET /api/projects/ HTTP/1.1" 200 936
Not Found: /null
[14/Mar/2026 17:22:52] "GET /null HTTP/1.1" 404 3160
[14/Mar/2026 17:22:52] "GET /media/projects/photo_2026-03-12_15-00-06.jpg HTTP/1.1" 304 0
[14/Mar/2026 17:22:52] "GET /media/projects/sample.jpg HTTP/1.1" 304 0
[14/Mar/2026 17:23:09] "GET /admin/ HTTP/1.1" 200 7495
[14/Mar/2026 17:23:09] "GET /static/admin/css/base.css HTTP/1.1" 304 0
[14/Mar/2026 17:23:09] "GET /static/admin/css/dark_mode.css HTTP/1.1" 304 0
[14/Mar/2026 17:23:09] "GET /static/admin/css/dashboard.css HTTP/1.1" 304 0
[14/Mar/2026 17:23:09] "GET /static/admin/js/theme.js HTTP/1.1" 304 0
[14/Mar/2026 17:23:09] "GET /static/admin/css/nav_sidebar.css HTTP/1.1" 304 0
[14/Mar/2026 17:23:09] "GET /static/admin/css/responsive.css HTTP/1.1" 304 0
[14/Mar/2026 17:23:09] "GET /static/admin/js/nav_sidebar.js HTTP/1.1" 304 0
[14/Mar/2026 17:23:10] "GET /static/admin/img/icon-changelink.svg HTTP/1.1" 304 0
[14/Mar/2026 17:23:10] "GET /static/admin/img/icon-addlink.svg HTTP/1.1" 304 0
[14/Mar/2026 17:23:31] "GET /dashboard/ HTTP/1.1" 200 5109
[14/Mar/2026 17:23:31] "GET /admin_style.css HTTP/1.1" 304 0
[14/Mar/2026 17:23:31] "GET /admin_script.js HTTP/1.1" 304 0
[14/Mar/2026 17:23:31] "GET /api/auth/check/ HTTP/1.1" 200 43
[14/Mar/2026 17:23:31] "GET /api/projects/ HTTP/1.1" 200 936
Not Found: /dashboard/null
[14/Mar/2026 17:23:31] "GET /dashboard/null HTTP/1.1" 404 3200
Not Found: /dashboard/null
[14/Mar/2026 17:23:44] "GET /dashboard/null HTTP/1.1" 404 3200
[14/Mar/2026 17:31:56] "GET / HTTP/1.1" 200 10489
[14/Mar/2026 17:31:56] "GET /style.css HTTP/1.1" 200 11145
[14/Mar/2026 17:31:56] "GET /script.js HTTP/1.1" 200 4777
[14/Mar/2026 17:31:56] "GET /api/projects/ HTTP/1.1" 200 936
[14/Mar/2026 17:31:56] "GET /media/projects/sample.jpg HTTP/1.1" 304 0
[14/Mar/2026 17:31:56] "GET /media/projects/photo_2026-03-12_15-00-06.jpg HTTP/1.1" 304 0
[14/Mar/2026 17:33:16] "GET / HTTP/1.1" 200 10489
[14/Mar/2026 17:33:17] "GET /style.css HTTP/1.1" 200 11145
[14/Mar/2026 17:33:17] "GET /script.js HTTP/1.1" 200 4777
[14/Mar/2026 17:33:17] "GET /api/projects/ HTTP/1.1" 200 936
[14/Mar/2026 17:33:17] "GET /media/projects/photo_2026-03-12_15-00-06.jpg HTTP/1.1" 304 0
[14/Mar/2026 17:33:17] "GET /media/projects/sample.jpg HTTP/1.1" 304 0
[14/Mar/2026 17:39:44] "GET / HTTP/1.1" 200 10489
[14/Mar/2026 17:39:44] "GET /style.css HTTP/1.1" 304 0
[14/Mar/2026 17:39:44] "GET /script.js HTTP/1.1" 304 0
[14/Mar/2026 17:39:45] "GET /api/projects/ HTTP/1.1" 200 936
[14/Mar/2026 17:39:45] "GET /media/projects/photo_2026-03-12_15-00-06.jpg HTTP/1.1" 304 0
[14/Mar/2026 17:39:49] "GET / HTTP/1.1" 200 10489
[14/Mar/2026 17:39:50] "GET /api/projects/ HTTP/1.1" 200 936
[14/Mar/2026 17:43:45] "GET /dashboard/ HTTP/1.1" 200 5109
[14/Mar/2026 17:43:45] "GET /admin_style.css HTTP/1.1" 304 0
[14/Mar/2026 17:43:45] "GET /admin_script.js HTTP/1.1" 200 8015
[14/Mar/2026 17:43:46] "GET /api/auth/check/ HTTP/1.1" 200 43
[14/Mar/2026 17:43:46] "GET /api/projects/ HTTP/1.1" 200 936
Not Found: /dashboard/null
[14/Mar/2026 17:43:46] "GET /media/projects/photo_2026-03-12_15-00-06.jpg HTTP/1.1" 304 0
[14/Mar/2026 17:43:46] "GET /media/projects/sample.jpg HTTP/1.1" 304 0
[14/Mar/2026 17:43:46] "GET /dashboard/null HTTP/1.1" 404 3200
Not Found: /dashboard/null
[14/Mar/2026 17:43:50] "GET /dashboard/null HTTP/1.1" 404 3200
[14/Mar/2026 17:44:22] "GET / HTTP/1.1" 200 10489
[14/Mar/2026 17:44:22] "GET /style.css HTTP/1.1" 304 0
[14/Mar/2026 17:44:22] "GET /script.js HTTP/1.1" 304 0
[14/Mar/2026 17:44:22] "GET /api/projects/ HTTP/1.1" 200 936
[14/Mar/2026 17:44:31] "GET /dashboard/ HTTP/1.1" 200 5109
[14/Mar/2026 17:44:31] "GET /api/auth/check/ HTTP/1.1" 200 43
[14/Mar/2026 17:44:32] "GET /api/projects/ HTTP/1.1" 200 936
Not Found: /dashboard/null
[14/Mar/2026 17:44:32] "GET /dashboard/null HTTP/1.1" 404 3200
[14/Mar/2026 17:46:44] "GET /dashboard/ HTTP/1.1" 200 5109
[14/Mar/2026 17:46:44] "GET /admin_script.js HTTP/1.1" 304 0
[14/Mar/2026 17:46:44] "GET /api/auth/check/ HTTP/1.1" 200 43
[14/Mar/2026 17:46:44] "GET /api/projects/ HTTP/1.1" 200 936
Not Found: /dashboard/null
[14/Mar/2026 17:46:44] "GET /dashboard/null HTTP/1.1" 404 3200
[14/Mar/2026 17:47:29] "GET /dashboard/ HTTP/1.1" 200 5109
[14/Mar/2026 17:47:29] "GET /admin_style.css HTTP/1.1" 304 0
[14/Mar/2026 17:47:29] "GET /api/auth/check/ HTTP/1.1" 200 43
[14/Mar/2026 17:47:29] "GET /api/projects/ HTTP/1.1" 200 936
Not Found: /dashboard/null
[14/Mar/2026 17:47:29] "GET /dashboard/null HTTP/1.1" 404 3200
Not Found: /dashboard/null
[14/Mar/2026 17:49:05] "GET /dashboard/null HTTP/1.1" 404 3200
[14/Mar/2026 17:52:13] "POST /api/auth/login/ HTTP/1.1" 200 55
[14/Mar/2026 17:52:13] "GET /api/auth/check/ HTTP/1.1" 200 43
[14/Mar/2026 17:52:13] "GET /api/projects/ HTTP/1.1" 200 936
[14/Mar/2026 17:52:13] "DELETE /api/projects/4/ HTTP/1.1" 204 0
[14/Mar/2026 17:52:53] "POST /api/auth/login/ HTTP/1.1" 200 55
[14/Mar/2026 17:52:53] "GET /api/auth/check/ HTTP/1.1" 200 43
[14/Mar/2026 17:52:53] "GET /api/projects/ HTTP/1.1" 200 781
[14/Mar/2026 17:52:53] "DELETE /api/projects/3/ HTTP/1.1" 204 0
[14/Mar/2026 17:54:21] "GET /dashboard/ HTTP/1.1" 200 5109
[14/Mar/2026 17:54:21] "GET /admin_style.css HTTP/1.1" 200 5857
[14/Mar/2026 17:54:21] "GET /admin_script.js HTTP/1.1" 200 8245
[14/Mar/2026 17:54:22] "GET /api/auth/check/ HTTP/1.1" 200 43
[14/Mar/2026 17:54:22] "GET /api/projects/ HTTP/1.1" 200 576
[14/Mar/2026 17:54:22] "GET /media/projects/sample.jpg HTTP/1.1" 200 65911
[14/Mar/2026 17:54:22] "GET /media/projects/photo_2026-03-12_15-00-06.jpg HTTP/1.1" 200 124325
Not Found: /favicon.ico
[14/Mar/2026 17:54:23] "GET /favicon.ico HTTP/1.1" 404 3188
[14/Mar/2026 17:54:28] "GET /dashboard/ HTTP/1.1" 200 5109
[14/Mar/2026 17:54:28] "GET /admin_script.js HTTP/1.1" 200 8245
[14/Mar/2026 17:54:28] "GET /admin_style.css HTTP/1.1" 200 5857
[14/Mar/2026 17:54:29] "GET /api/auth/check/ HTTP/1.1" 200 43
[14/Mar/2026 17:54:29] "GET /api/projects/ HTTP/1.1" 200 576
[14/Mar/2026 17:54:29] "GET /media/projects/photo_2026-03-12_15-00-06.jpg HTTP/1.1" 200 124325
[14/Mar/2026 17:54:29] "GET /media/projects/sample.jpg HTTP/1.1" 200 65911
Not Found: /favicon.ico
[14/Mar/2026 17:54:30] "GET /favicon.ico HTTP/1.1" 404 3188
[14/Mar/2026 17:55:12] "GET / HTTP/1.1" 200 10489
[14/Mar/2026 17:55:12] "GET /style.css HTTP/1.1" 304 0
[14/Mar/2026 17:55:12] "GET /script.js HTTP/1.1" 304 0
[14/Mar/2026 17:55:12] "GET /api/projects/ HTTP/1.1" 200 576
[14/Mar/2026 17:57:14] "GET /dashboard/ HTTP/1.1" 200 5109
[14/Mar/2026 17:57:14] "GET /admin_style.css HTTP/1.1" 304 0
[14/Mar/2026 17:57:14] "GET /admin_script.js HTTP/1.1" 200 8306
[14/Mar/2026 17:57:14] "GET /api/auth/check/ HTTP/1.1" 200 43
[14/Mar/2026 17:57:14] "GET /api/projects/ HTTP/1.1" 200 576
[14/Mar/2026 17:59:06] "GET /dashboard/ HTTP/1.1" 200 5109
[14/Mar/2026 17:59:06] "GET /admin_style.css HTTP/1.1" 200 6923
[14/Mar/2026 17:59:06] "GET /admin_script.js HTTP/1.1" 304 0
[14/Mar/2026 17:59:06] "GET /api/auth/check/ HTTP/1.1" 200 43
[14/Mar/2026 17:59:06] "GET /api/projects/ HTTP/1.1" 200 576
[14/Mar/2026 18:00:04] "POST /api/auth/logout/ HTTP/1.1" 200 37
[14/Mar/2026 18:00:08] "POST /api/auth/login/ HTTP/1.1" 200 55
[14/Mar/2026 18:00:08] "GET /api/projects/ HTTP/1.1" 200 576
[14/Mar/2026 20:27:36] "GET / HTTP/1.1" 200 10508
[14/Mar/2026 20:27:36] "GET /style.css HTTP/1.1" 200 11145
[14/Mar/2026 20:27:36] "GET /script.js HTTP/1.1" 200 4777
[14/Mar/2026 20:27:36] "GET /api/projects/ HTTP/1.1" 200 576
[14/Mar/2026 20:27:36] "GET /media/projects/sample.jpg HTTP/1.1" 200 65911
[14/Mar/2026 20:27:36] "GET /media/projects/photo_2026-03-12_15-00-06.jpg HTTP/1.1" 200 124325
Not Found: /favicon.ico
[14/Mar/2026 20:27:38] "GET /favicon.ico HTTP/1.1" 404 3188
Not Found: /.well-known/appspecific/com.chrome.devtools.json
[14/Mar/2026 20:38:12] "GET /.well-known/appspecific/com.chrome.devtools.json HTTP/1.1" 404 3336
[14/Mar/2026 20:43:07] "GET / HTTP/1.1" 200 10512
[14/Mar/2026 20:43:07] "GET /style.css HTTP/1.1" 200 11145
[14/Mar/2026 20:43:07] "GET /script.js HTTP/1.1" 304 0
[14/Mar/2026 20:43:07] "GET /api/projects/ HTTP/1.1" 200 576
[14/Mar/2026 20:43:07] "GET /media/projects/photo_2026-03-12_15-00-06.jpg HTTP/1.1" 304 0
[14/Mar/2026 20:43:07] "GET /media/projects/sample.jpg HTTP/1.1" 304 0
[14/Mar/2026 20:52:12] "GET / HTTP/1.1" 200 10601
[14/Mar/2026 20:52:12] "GET /style.css HTTP/1.1" 200 11145
Not Found: /.well-known/appspecific/com.chrome.devtools.json
[14/Mar/2026 20:52:12] "GET /script.js HTTP/1.1" 304 0
[14/Mar/2026 20:52:12] "GET /.well-known/appspecific/com.chrome.devtools.json HTTP/1.1" 404 3336
[14/Mar/2026 20:52:13] "GET /api/projects/ HTTP/1.1" 200 576
[14/Mar/2026 20:52:13] "GET /media/projects/sample.jpg HTTP/1.1" 304 0
[14/Mar/2026 20:52:13] "GET /media/projects/photo_2026-03-12_15-00-06.jpg HTTP/1.1" 304 0
[14/Mar/2026 20:53:59] "GET / HTTP/1.1" 200 10908
Not Found: /.well-known/appspecific/com.chrome.devtools.json
[14/Mar/2026 20:53:59] "GET /.well-known/appspecific/com.chrome.devtools.json HTTP/1.1" 404 3336
[14/Mar/2026 20:53:59] "GET /style.css HTTP/1.1" 200 11334
[14/Mar/2026 20:53:59] "GET /api/projects/ HTTP/1.1" 200 576
[14/Mar/2026 21:20:07] "GET / HTTP/1.1" 200 10934
[14/Mar/2026 21:20:07] "GET /script.js HTTP/1.1" 304 0
[14/Mar/2026 21:20:07] "GET /style.css HTTP/1.1" 304 0
Not Found: /.well-known/appspecific/com.chrome.devtools.json
[14/Mar/2026 21:20:07] "GET /api/projects/ HTTP/1.1" 200 576
[14/Mar/2026 21:20:07] "GET /.well-known/appspecific/com.chrome.devtools.json HTTP/1.1" 404 3336
[14/Mar/2026 21:20:07] "GET /media/projects/photo_2026-03-12_15-00-06.jpg HTTP/1.1" 304 0
[14/Mar/2026 21:20:08] "GET /media/projects/sample.jpg HTTP/1.1" 304 0
[14/Mar/2026 21:23:01] "GET / HTTP/1.1" 200 10954
Not Found: /.well-known/appspecific/com.chrome.devtools.json
[14/Mar/2026 21:23:01] "GET /.well-known/appspecific/com.chrome.devtools.json HTTP/1.1" 404 3336
[14/Mar/2026 21:23:01] "GET /style.css HTTP/1.1" 304 0
[14/Mar/2026 21:23:01] "GET /api/projects/ HTTP/1.1" 200 576
[14/Mar/2026 21:23:46] "GET / HTTP/1.1" 200 10956
Not Found: /.well-known/appspecific/com.chrome.devtools.json
[14/Mar/2026 21:23:46] "GET /.well-known/appspecific/com.chrome.devtools.json HTTP/1.1" 404 3336
[14/Mar/2026 21:23:46] "GET /api/projects/ HTTP/1.1" 200 576
[14/Mar/2026 21:25:17] "GET / HTTP/1.1" 200 10957
Not Found: /.well-known/appspecific/com.chrome.devtools.json
[14/Mar/2026 21:25:17] "GET /.well-known/appspecific/com.chrome.devtools.json HTTP/1.1" 404 3336
[14/Mar/2026 21:25:17] "GET /api/projects/ HTTP/1.1" 200 576
[14/Mar/2026 21:27:48] "GET / HTTP/1.1" 200 10974
[14/Mar/2026 21:27:48] "GET /style.css HTTP/1.1" 304 0
Not Found: /.well-known/appspecific/com.chrome.devtools.json
[14/Mar/2026 21:27:48] "GET /.well-known/appspecific/com.chrome.devtools.json HTTP/1.1" 404 3336
[14/Mar/2026 21:27:49] "GET /api/projects/ HTTP/1.1" 200 576
[14/Mar/2026 21:29:05] "GET / HTTP/1.1" 200 10985
Not Found: /.well-known/appspecific/com.chrome.devtools.json
[14/Mar/2026 21:29:05] "GET /.well-known/appspecific/com.chrome.devtools.json HTTP/1.1" 404 3336
[14/Mar/2026 21:29:05] "GET /api/projects/ HTTP/1.1" 200 576
[14/Mar/2026 21:57:48] "GET / HTTP/1.1" 200 10999
Not Found: /.well-known/appspecific/com.chrome.devtools.json
[14/Mar/2026 21:57:48] "GET /.well-known/appspecific/com.chrome.devtools.json HTTP/1.1" 404 3336
[14/Mar/2026 21:57:48] "GET /script.js HTTP/1.1" 304 0
[14/Mar/2026 21:57:48] "GET /style.css HTTP/1.1" 304 0
[14/Mar/2026 21:57:48] "GET /api/projects/ HTTP/1.1" 200 576
[14/Mar/2026 21:57:49] "GET /media/projects/photo_2026-03-12_15-00-06.jpg HTTP/1.1" 304 0
[14/Mar/2026 21:57:49] "GET /media/projects/sample.jpg HTTP/1.1" 304 0
[14/Mar/2026 21:57:50] "GET /cv.png HTTP/1.1" 200 3604788
Performing system checks...

System check identified no issues (0 silenced).
March 14, 2026 - 17:19:45
Django version 6.0.3, using settings 'config.settings'
Starting development server at http://127.0.0.1:8000/
Quit the server with CONTROL-C.

WARNING: This is a development server. Do not use it in a production setting. Use a production WSGI or ASGI server instead.
For more information on production servers see: https://docs.djangoproject.com/en/6.0/howto/deployment/
